{"C:\\Users\\Neghi\\Desktop\\Muva\\server\\src\\index.ts": {"path":"C:\\Users\\Neghi\\Desktop\\Muva\\server\\src\\index.ts","all":false,"statementMap":{"0":{"start":{"line":1,"column":0},"end":{"line":1,"column":26}},"1":{"start":{"line":2,"column":0},"end":{"line":2,"column":80}},"2":{"start":{"line":3,"column":0},"end":{"line":3,"column":57}},"3":{"start":{"line":4,"column":0},"end":{"line":4,"column":28}},"4":{"start":{"line":5,"column":0},"end":{"line":5,"column":58}},"5":{"start":{"line":6,"column":0},"end":{"line":6,"column":50}},"6":{"start":{"line":7,"column":0},"end":{"line":7,"column":0}},"7":{"start":{"line":8,"column":0},"end":{"line":8,"column":35}},"8":{"start":{"line":9,"column":0},"end":{"line":9,"column":0}},"9":{"start":{"line":10,"column":0},"end":{"line":10,"column":24}},"10":{"start":{"line":11,"column":0},"end":{"line":11,"column":23}},"11":{"start":{"line":12,"column":0},"end":{"line":12,"column":0}},"12":{"start":{"line":13,"column":0},"end":{"line":13,"column":62}},"13":{"start":{"line":14,"column":0},"end":{"line":14,"column":52}},"14":{"start":{"line":15,"column":0},"end":{"line":15,"column":113}},"15":{"start":{"line":16,"column":0},"end":{"line":16,"column":83}},"16":{"start":{"line":17,"column":0},"end":{"line":17,"column":0}},"17":{"start":{"line":18,"column":0},"end":{"line":18,"column":9}},"18":{"start":{"line":19,"column":0},"end":{"line":19,"column":3}},"19":{"start":{"line":20,"column":0},"end":{"line":20,"column":0}},"20":{"start":{"line":21,"column":0},"end":{"line":21,"column":24}},"21":{"start":{"line":22,"column":0},"end":{"line":22,"column":24}},"22":{"start":{"line":23,"column":0},"end":{"line":23,"column":30}},"23":{"start":{"line":24,"column":0},"end":{"line":24,"column":0}},"24":{"start":{"line":25,"column":0},"end":{"line":25,"column":19}}},"s":{"0":1,"1":1,"2":1,"3":1,"4":1,"5":1,"6":1,"7":1,"8":1,"9":1,"10":1,"11":1,"12":1,"13":0,"14":0,"15":0,"16":0,"17":0,"18":1,"19":1,"20":1,"21":1,"22":1,"23":1,"24":1},"branchMap":{},"b":{},"fnMap":{},"f":{}}
,"C:\\Users\\Neghi\\Desktop\\Muva\\server\\src\\common\\config\\index.config.ts": {"path":"C:\\Users\\Neghi\\Desktop\\Muva\\server\\src\\common\\config\\index.config.ts","all":false,"statementMap":{"0":{"start":{"line":1,"column":0},"end":{"line":1,"column":28}},"1":{"start":{"line":2,"column":0},"end":{"line":2,"column":0}},"2":{"start":{"line":3,"column":0},"end":{"line":3,"column":16}},"3":{"start":{"line":4,"column":0},"end":{"line":4,"column":0}},"4":{"start":{"line":5,"column":0},"end":{"line":5,"column":16}},"5":{"start":{"line":6,"column":0},"end":{"line":6,"column":28}},"6":{"start":{"line":7,"column":0},"end":{"line":7,"column":25}},"7":{"start":{"line":8,"column":0},"end":{"line":8,"column":12}},"8":{"start":{"line":9,"column":0},"end":{"line":9,"column":38}},"9":{"start":{"line":10,"column":0},"end":{"line":10,"column":4}},"10":{"start":{"line":11,"column":0},"end":{"line":11,"column":2}}},"s":{"0":1,"1":1,"2":1,"3":1,"4":1,"5":1,"6":1,"7":1,"8":1,"9":1,"10":1},"branchMap":{"0":{"type":"branch","line":9,"loc":{"start":{"line":9,"column":30},"end":{"line":9,"column":37}},"locations":[{"start":{"line":9,"column":30},"end":{"line":9,"column":37}}]}},"b":{"0":[0]},"fnMap":{},"f":{}}
,"C:\\Users\\Neghi\\Desktop\\Muva\\server\\src\\common\\config\\server.config.ts": {"path":"C:\\Users\\Neghi\\Desktop\\Muva\\server\\src\\common\\config\\server.config.ts","all":false,"statementMap":{"0":{"start":{"line":1,"column":0},"end":{"line":1,"column":38}},"1":{"start":{"line":2,"column":0},"end":{"line":2,"column":41}},"2":{"start":{"line":3,"column":0},"end":{"line":3,"column":0}},"3":{"start":{"line":4,"column":0},"end":{"line":4,"column":35}},"4":{"start":{"line":5,"column":0},"end":{"line":5,"column":27}},"5":{"start":{"line":6,"column":0},"end":{"line":6,"column":33}},"6":{"start":{"line":7,"column":0},"end":{"line":7,"column":19}},"7":{"start":{"line":8,"column":0},"end":{"line":8,"column":3}},"8":{"start":{"line":9,"column":0},"end":{"line":9,"column":11}},"9":{"start":{"line":10,"column":0},"end":{"line":10,"column":45}},"10":{"start":{"line":11,"column":0},"end":{"line":11,"column":79}},"11":{"start":{"line":12,"column":0},"end":{"line":12,"column":7}},"12":{"start":{"line":13,"column":0},"end":{"line":13,"column":3}},"13":{"start":{"line":14,"column":0},"end":{"line":14,"column":11}},"14":{"start":{"line":15,"column":0},"end":{"line":15,"column":1}}},"s":{"0":1,"1":1,"2":1,"3":1,"4":1,"5":1,"6":1,"7":1,"8":1,"9":1,"10":1,"11":1,"12":1,"13":1,"14":1},"branchMap":{"0":{"type":"branch","line":6,"loc":{"start":{"line":6,"column":2},"end":{"line":8,"column":3}},"locations":[{"start":{"line":6,"column":2},"end":{"line":8,"column":3}}]},"1":{"type":"branch","line":9,"loc":{"start":{"line":9,"column":2},"end":{"line":13,"column":3}},"locations":[{"start":{"line":9,"column":2},"end":{"line":13,"column":3}}]},"2":{"type":"branch","line":10,"loc":{"start":{"line":10,"column":38},"end":{"line":12,"column":5}},"locations":[{"start":{"line":10,"column":38},"end":{"line":12,"column":5}}]}},"b":{"0":[1],"1":[1],"2":[1]},"fnMap":{"0":{"name":"ServerConfig","decl":{"start":{"line":6,"column":2},"end":{"line":8,"column":3}},"loc":{"start":{"line":6,"column":2},"end":{"line":8,"column":3}},"line":6},"1":{"name":"start","decl":{"start":{"line":9,"column":2},"end":{"line":13,"column":3}},"loc":{"start":{"line":9,"column":2},"end":{"line":13,"column":3}},"line":9},"2":{"name":"stop","decl":{"start":{"line":14,"column":2},"end":{"line":14,"column":11}},"loc":{"start":{"line":14,"column":2},"end":{"line":14,"column":11}},"line":14}},"f":{"0":1,"1":1,"2":0}}
,"C:\\Users\\Neghi\\Desktop\\Muva\\server\\src\\common\\database\\schema\\user.schema.ts": {"path":"C:\\Users\\Neghi\\Desktop\\Muva\\server\\src\\common\\database\\schema\\user.schema.ts","all":false,"statementMap":{"0":{"start":{"line":1,"column":0},"end":{"line":1,"column":41}},"1":{"start":{"line":2,"column":0},"end":{"line":2,"column":39}},"2":{"start":{"line":3,"column":0},"end":{"line":3,"column":0}},"3":{"start":{"line":4,"column":0},"end":{"line":4,"column":45}},"4":{"start":{"line":5,"column":0},"end":{"line":5,"column":21}},"5":{"start":{"line":6,"column":0},"end":{"line":6,"column":20}},"6":{"start":{"line":7,"column":0},"end":{"line":7,"column":16}},"7":{"start":{"line":8,"column":0},"end":{"line":8,"column":19}},"8":{"start":{"line":9,"column":0},"end":{"line":9,"column":16}},"9":{"start":{"line":10,"column":0},"end":{"line":10,"column":11}},"10":{"start":{"line":11,"column":0},"end":{"line":11,"column":17}},"11":{"start":{"line":12,"column":0},"end":{"line":12,"column":38}},"12":{"start":{"line":13,"column":0},"end":{"line":13,"column":4}},"13":{"start":{"line":14,"column":0},"end":{"line":14,"column":9}},"14":{"start":{"line":15,"column":0},"end":{"line":15,"column":17}},"15":{"start":{"line":16,"column":0},"end":{"line":16,"column":46}},"16":{"start":{"line":17,"column":0},"end":{"line":17,"column":21}},"17":{"start":{"line":18,"column":0},"end":{"line":18,"column":4}},"18":{"start":{"line":19,"column":0},"end":{"line":19,"column":15}},"19":{"start":{"line":20,"column":0},"end":{"line":20,"column":15}},"20":{"start":{"line":21,"column":0},"end":{"line":21,"column":22}},"21":{"start":{"line":22,"column":0},"end":{"line":22,"column":4}},"22":{"start":{"line":23,"column":0},"end":{"line":23,"column":19}},"23":{"start":{"line":24,"column":0},"end":{"line":24,"column":3}},"24":{"start":{"line":25,"column":0},"end":{"line":25,"column":0}},"25":{"start":{"line":26,"column":0},"end":{"line":26,"column":48}}},"s":{"0":1,"1":1,"2":1,"3":1,"4":1,"5":1,"6":1,"7":1,"8":1,"9":1,"10":1,"11":1,"12":1,"13":1,"14":1,"15":1,"16":1,"17":1,"18":1,"19":1,"20":1,"21":1,"22":1,"23":1,"24":1,"25":1},"branchMap":{},"b":{},"fnMap":{},"f":{}}
,"C:\\Users\\Neghi\\Desktop\\Muva\\server\\src\\common\\routes\\index.routes.ts": {"path":"C:\\Users\\Neghi\\Desktop\\Muva\\server\\src\\common\\routes\\index.routes.ts","all":false,"statementMap":{"0":{"start":{"line":1,"column":0},"end":{"line":1,"column":71}},"1":{"start":{"line":2,"column":0},"end":{"line":2,"column":54}},"2":{"start":{"line":3,"column":0},"end":{"line":3,"column":39}},"3":{"start":{"line":4,"column":0},"end":{"line":4,"column":62}},"4":{"start":{"line":5,"column":0},"end":{"line":5,"column":0}},"5":{"start":{"line":6,"column":0},"end":{"line":6,"column":29}},"6":{"start":{"line":7,"column":0},"end":{"line":7,"column":12}},"7":{"start":{"line":8,"column":0},"end":{"line":8,"column":19}},"8":{"start":{"line":9,"column":0},"end":{"line":9,"column":33}},"9":{"start":{"line":10,"column":0},"end":{"line":10,"column":19}},"10":{"start":{"line":11,"column":0},"end":{"line":11,"column":27}},"11":{"start":{"line":12,"column":0},"end":{"line":12,"column":3}},"12":{"start":{"line":13,"column":0},"end":{"line":13,"column":12}},"13":{"start":{"line":14,"column":0},"end":{"line":14,"column":56}},"14":{"start":{"line":15,"column":0},"end":{"line":15,"column":28}},"15":{"start":{"line":16,"column":0},"end":{"line":16,"column":32}},"16":{"start":{"line":17,"column":0},"end":{"line":17,"column":9}},"17":{"start":{"line":18,"column":0},"end":{"line":18,"column":7}},"18":{"start":{"line":19,"column":0},"end":{"line":19,"column":0}},"19":{"start":{"line":20,"column":0},"end":{"line":20,"column":17}},"20":{"start":{"line":21,"column":0},"end":{"line":21,"column":44}},"21":{"start":{"line":22,"column":0},"end":{"line":22,"column":20}},"22":{"start":{"line":23,"column":0},"end":{"line":23,"column":56}},"23":{"start":{"line":24,"column":0},"end":{"line":24,"column":26}},"24":{"start":{"line":25,"column":0},"end":{"line":25,"column":12}},"25":{"start":{"line":26,"column":0},"end":{"line":26,"column":24}},"26":{"start":{"line":27,"column":0},"end":{"line":27,"column":24}},"27":{"start":{"line":28,"column":0},"end":{"line":28,"column":39}},"28":{"start":{"line":29,"column":0},"end":{"line":29,"column":9}},"29":{"start":{"line":30,"column":0},"end":{"line":30,"column":7}},"30":{"start":{"line":31,"column":0},"end":{"line":31,"column":0}},"31":{"start":{"line":32,"column":0},"end":{"line":32,"column":92}},"32":{"start":{"line":33,"column":0},"end":{"line":33,"column":40}},"33":{"start":{"line":34,"column":0},"end":{"line":34,"column":45}},"34":{"start":{"line":35,"column":0},"end":{"line":35,"column":0}},"35":{"start":{"line":36,"column":0},"end":{"line":36,"column":104}},"36":{"start":{"line":37,"column":0},"end":{"line":37,"column":7}},"37":{"start":{"line":38,"column":0},"end":{"line":38,"column":3}},"38":{"start":{"line":39,"column":0},"end":{"line":39,"column":1}}},"s":{"0":1,"1":1,"2":1,"3":1,"4":1,"5":1,"6":1,"7":1,"8":1,"9":1,"10":1,"11":1,"12":1,"13":1,"14":0,"15":0,"16":0,"17":1,"18":1,"19":1,"20":1,"21":1,"22":1,"23":0,"24":0,"25":0,"26":0,"27":0,"28":0,"29":1,"30":1,"31":1,"32":0,"33":0,"34":0,"35":0,"36":1,"37":1,"38":1},"branchMap":{"0":{"type":"branch","line":9,"loc":{"start":{"line":9,"column":2},"end":{"line":12,"column":3}},"locations":[{"start":{"line":9,"column":2},"end":{"line":12,"column":3}}]},"1":{"type":"branch","line":13,"loc":{"start":{"line":13,"column":2},"end":{"line":38,"column":3}},"locations":[{"start":{"line":13,"column":2},"end":{"line":38,"column":3}}]}},"b":{"0":[1],"1":[1]},"fnMap":{"0":{"name":"Routes","decl":{"start":{"line":9,"column":2},"end":{"line":12,"column":3}},"loc":{"start":{"line":9,"column":2},"end":{"line":12,"column":3}},"line":9},"1":{"name":"router","decl":{"start":{"line":13,"column":2},"end":{"line":38,"column":3}},"loc":{"start":{"line":13,"column":2},"end":{"line":38,"column":3}},"line":13}},"f":{"0":1,"1":1}}
,"C:\\Users\\Neghi\\Desktop\\Muva\\server\\src\\common\\utils\\database.utils.ts": {"path":"C:\\Users\\Neghi\\Desktop\\Muva\\server\\src\\common\\utils\\database.utils.ts","all":false,"statementMap":{"0":{"start":{"line":1,"column":0},"end":{"line":1,"column":53}},"1":{"start":{"line":2,"column":0},"end":{"line":2,"column":49}},"2":{"start":{"line":3,"column":0},"end":{"line":3,"column":0}},"3":{"start":{"line":4,"column":0},"end":{"line":4,"column":20}},"4":{"start":{"line":5,"column":0},"end":{"line":5,"column":19}},"5":{"start":{"line":6,"column":0},"end":{"line":6,"column":33}},"6":{"start":{"line":7,"column":0},"end":{"line":7,"column":25}},"7":{"start":{"line":8,"column":0},"end":{"line":8,"column":3}},"8":{"start":{"line":9,"column":0},"end":{"line":9,"column":13}},"9":{"start":{"line":10,"column":0},"end":{"line":10,"column":15}},"10":{"start":{"line":11,"column":0},"end":{"line":11,"column":39}},"11":{"start":{"line":12,"column":0},"end":{"line":12,"column":19}},"12":{"start":{"line":13,"column":0},"end":{"line":13,"column":55}},"13":{"start":{"line":14,"column":0},"end":{"line":14,"column":8}},"14":{"start":{"line":15,"column":0},"end":{"line":15,"column":25}},"15":{"start":{"line":16,"column":0},"end":{"line":16,"column":27}},"16":{"start":{"line":17,"column":0},"end":{"line":17,"column":9}},"17":{"start":{"line":18,"column":0},"end":{"line":18,"column":3}},"18":{"start":{"line":19,"column":0},"end":{"line":19,"column":0}},"19":{"start":{"line":20,"column":0},"end":{"line":20,"column":8}},"20":{"start":{"line":21,"column":0},"end":{"line":21,"column":71}},"21":{"start":{"line":22,"column":0},"end":{"line":22,"column":9}},"22":{"start":{"line":23,"column":0},"end":{"line":23,"column":32}},"23":{"start":{"line":24,"column":0},"end":{"line":24,"column":26}},"24":{"start":{"line":25,"column":0},"end":{"line":25,"column":20}},"25":{"start":{"line":26,"column":0},"end":{"line":26,"column":5}},"26":{"start":{"line":27,"column":0},"end":{"line":27,"column":3}},"27":{"start":{"line":28,"column":0},"end":{"line":28,"column":72}},"28":{"start":{"line":29,"column":0},"end":{"line":29,"column":9}},"29":{"start":{"line":30,"column":0},"end":{"line":30,"column":33}},"30":{"start":{"line":31,"column":0},"end":{"line":31,"column":26}},"31":{"start":{"line":32,"column":0},"end":{"line":32,"column":20}},"32":{"start":{"line":33,"column":0},"end":{"line":33,"column":5}},"33":{"start":{"line":34,"column":0},"end":{"line":34,"column":3}},"34":{"start":{"line":35,"column":0},"end":{"line":35,"column":36}},"35":{"start":{"line":36,"column":0},"end":{"line":36,"column":9}},"36":{"start":{"line":37,"column":0},"end":{"line":37,"column":26}},"37":{"start":{"line":38,"column":0},"end":{"line":38,"column":26}},"38":{"start":{"line":39,"column":0},"end":{"line":39,"column":20}},"39":{"start":{"line":40,"column":0},"end":{"line":40,"column":5}},"40":{"start":{"line":41,"column":0},"end":{"line":41,"column":3}},"41":{"start":{"line":42,"column":0},"end":{"line":42,"column":110}},"42":{"start":{"line":43,"column":0},"end":{"line":43,"column":9}},"43":{"start":{"line":44,"column":0},"end":{"line":44,"column":67}},"44":{"start":{"line":45,"column":0},"end":{"line":45,"column":26}},"45":{"start":{"line":46,"column":0},"end":{"line":46,"column":20}},"46":{"start":{"line":47,"column":0},"end":{"line":47,"column":5}},"47":{"start":{"line":48,"column":0},"end":{"line":48,"column":3}},"48":{"start":{"line":49,"column":0},"end":{"line":49,"column":71}},"49":{"start":{"line":50,"column":0},"end":{"line":50,"column":9}},"50":{"start":{"line":51,"column":0},"end":{"line":51,"column":43}},"51":{"start":{"line":52,"column":0},"end":{"line":52,"column":26}},"52":{"start":{"line":53,"column":0},"end":{"line":53,"column":20}},"53":{"start":{"line":54,"column":0},"end":{"line":54,"column":5}},"54":{"start":{"line":55,"column":0},"end":{"line":55,"column":3}},"55":{"start":{"line":56,"column":0},"end":{"line":56,"column":0}},"56":{"start":{"line":57,"column":0},"end":{"line":57,"column":12}},"57":{"start":{"line":58,"column":0},"end":{"line":58,"column":13}},"58":{"start":{"line":59,"column":0},"end":{"line":59,"column":11}},"59":{"start":{"line":60,"column":0},"end":{"line":60,"column":11}},"60":{"start":{"line":61,"column":0},"end":{"line":61,"column":1}},"61":{"start":{"line":62,"column":0},"end":{"line":62,"column":0}},"62":{"start":{"line":63,"column":0},"end":{"line":63,"column":42}}},"s":{"0":1,"1":1,"2":1,"3":1,"4":1,"5":1,"6":1,"7":1,"8":1,"9":1,"10":1,"11":1,"12":0,"13":1,"14":1,"15":0,"16":1,"17":1,"18":1,"19":1,"20":1,"21":0,"22":0,"23":0,"24":0,"25":0,"26":0,"27":1,"28":0,"29":0,"30":0,"31":0,"32":0,"33":0,"34":1,"35":0,"36":0,"37":0,"38":0,"39":0,"40":0,"41":1,"42":0,"43":0,"44":0,"45":0,"46":0,"47":0,"48":1,"49":0,"50":0,"51":0,"52":0,"53":0,"54":0,"55":1,"56":1,"57":1,"58":1,"59":1,"60":1,"61":1,"62":1},"branchMap":{"0":{"type":"branch","line":6,"loc":{"start":{"line":6,"column":2},"end":{"line":8,"column":3}},"locations":[{"start":{"line":6,"column":2},"end":{"line":8,"column":3}}]},"1":{"type":"branch","line":9,"loc":{"start":{"line":9,"column":2},"end":{"line":18,"column":3}},"locations":[{"start":{"line":9,"column":2},"end":{"line":18,"column":3}}]}},"b":{"0":[1],"1":[1]},"fnMap":{"0":{"name":"DatabaseUtil","decl":{"start":{"line":6,"column":2},"end":{"line":8,"column":3}},"loc":{"start":{"line":6,"column":2},"end":{"line":8,"column":3}},"line":6},"1":{"name":"connect","decl":{"start":{"line":9,"column":2},"end":{"line":18,"column":3}},"loc":{"start":{"line":9,"column":2},"end":{"line":18,"column":3}},"line":9},"2":{"name":"create","decl":{"start":{"line":21,"column":8},"end":{"line":27,"column":3}},"loc":{"start":{"line":21,"column":8},"end":{"line":27,"column":3}},"line":21},"3":{"name":"readOne","decl":{"start":{"line":28,"column":8},"end":{"line":34,"column":3}},"loc":{"start":{"line":28,"column":8},"end":{"line":34,"column":3}},"line":28},"4":{"name":"readAll","decl":{"start":{"line":35,"column":8},"end":{"line":41,"column":3}},"loc":{"start":{"line":35,"column":8},"end":{"line":41,"column":3}},"line":35},"5":{"name":"update","decl":{"start":{"line":42,"column":8},"end":{"line":48,"column":3}},"loc":{"start":{"line":42,"column":8},"end":{"line":48,"column":3}},"line":42},"6":{"name":"delete","decl":{"start":{"line":49,"column":8},"end":{"line":55,"column":3}},"loc":{"start":{"line":49,"column":8},"end":{"line":55,"column":3}},"line":49},"7":{"name":"filter","decl":{"start":{"line":58,"column":2},"end":{"line":58,"column":13}},"loc":{"start":{"line":58,"column":2},"end":{"line":58,"column":13}},"line":58},"8":{"name":"sort","decl":{"start":{"line":59,"column":2},"end":{"line":59,"column":11}},"loc":{"start":{"line":59,"column":2},"end":{"line":59,"column":11}},"line":59},"9":{"name":"page","decl":{"start":{"line":60,"column":2},"end":{"line":60,"column":11}},"loc":{"start":{"line":60,"column":2},"end":{"line":60,"column":11}},"line":60}},"f":{"0":1,"1":1,"2":0,"3":0,"4":0,"5":0,"6":0,"7":0,"8":0,"9":0}}
,"C:\\Users\\Neghi\\Desktop\\Muva\\server\\src\\common\\utils\\http.utils.ts": {"path":"C:\\Users\\Neghi\\Desktop\\Muva\\server\\src\\common\\utils\\http.utils.ts","all":false,"statementMap":{"0":{"start":{"line":1,"column":0},"end":{"line":1,"column":35}},"1":{"start":{"line":2,"column":0},"end":{"line":2,"column":38}},"2":{"start":{"line":3,"column":0},"end":{"line":3,"column":0}},"3":{"start":{"line":4,"column":0},"end":{"line":4,"column":13}},"4":{"start":{"line":5,"column":0},"end":{"line":5,"column":27}},"5":{"start":{"line":6,"column":0},"end":{"line":6,"column":18}},"6":{"start":{"line":7,"column":0},"end":{"line":7,"column":71}},"7":{"start":{"line":8,"column":0},"end":{"line":8,"column":40}},"8":{"start":{"line":9,"column":0},"end":{"line":9,"column":21}},"9":{"start":{"line":10,"column":0},"end":{"line":10,"column":14}},"10":{"start":{"line":11,"column":0},"end":{"line":11,"column":11}},"11":{"start":{"line":12,"column":0},"end":{"line":12,"column":7}},"12":{"start":{"line":13,"column":0},"end":{"line":13,"column":3}},"13":{"start":{"line":14,"column":0},"end":{"line":14,"column":1}},"14":{"start":{"line":15,"column":0},"end":{"line":15,"column":0}},"15":{"start":{"line":16,"column":0},"end":{"line":16,"column":25}},"16":{"start":{"line":17,"column":0},"end":{"line":17,"column":16}},"17":{"start":{"line":18,"column":0},"end":{"line":18,"column":39}},"18":{"start":{"line":19,"column":0},"end":{"line":19,"column":21}},"19":{"start":{"line":20,"column":0},"end":{"line":20,"column":18}},"20":{"start":{"line":21,"column":0},"end":{"line":21,"column":14}},"21":{"start":{"line":22,"column":0},"end":{"line":22,"column":1}},"22":{"start":{"line":23,"column":0},"end":{"line":23,"column":0}},"23":{"start":{"line":24,"column":0},"end":{"line":24,"column":13}},"24":{"start":{"line":25,"column":0},"end":{"line":25,"column":8}},"25":{"start":{"line":26,"column":0},"end":{"line":26,"column":10}},"26":{"start":{"line":27,"column":0},"end":{"line":27,"column":7}},"27":{"start":{"line":28,"column":0},"end":{"line":28,"column":1}}},"s":{"0":1,"1":1,"2":1,"3":1,"4":1,"5":1,"6":1,"7":0,"8":0,"9":0,"10":0,"11":0,"12":0,"13":1,"14":1,"15":1,"16":1,"17":1,"18":1,"19":1,"20":1,"21":1,"22":1,"23":1,"24":1,"25":1,"26":1,"27":1},"branchMap":{"0":{"type":"branch","line":6,"loc":{"start":{"line":6,"column":2},"end":{"line":6,"column":18}},"locations":[{"start":{"line":6,"column":2},"end":{"line":6,"column":18}}]},"1":{"type":"branch","line":24,"loc":{"start":{"line":24,"column":0},"end":{"line":28,"column":1}},"locations":[{"start":{"line":24,"column":0},"end":{"line":28,"column":1}}]}},"b":{"0":[6],"1":[1]},"fnMap":{"0":{"name":"Http","decl":{"start":{"line":6,"column":2},"end":{"line":6,"column":18}},"loc":{"start":{"line":6,"column":2},"end":{"line":6,"column":18}},"line":6},"1":{"name":"Response","decl":{"start":{"line":7,"column":2},"end":{"line":13,"column":3}},"loc":{"start":{"line":7,"column":2},"end":{"line":13,"column":3}},"line":7}},"f":{"0":6,"1":0}}
,"C:\\Users\\Neghi\\Desktop\\Muva\\server\\src\\modules\\User\\controller\\user.controller.ts": {"path":"C:\\Users\\Neghi\\Desktop\\Muva\\server\\src\\modules\\User\\controller\\user.controller.ts","all":false,"statementMap":{"0":{"start":{"line":1,"column":0},"end":{"line":1,"column":38}},"1":{"start":{"line":2,"column":0},"end":{"line":2,"column":50}},"2":{"start":{"line":3,"column":0},"end":{"line":3,"column":52}},"3":{"start":{"line":4,"column":0},"end":{"line":4,"column":56}},"4":{"start":{"line":5,"column":0},"end":{"line":5,"column":52}},"5":{"start":{"line":6,"column":0},"end":{"line":6,"column":56}},"6":{"start":{"line":7,"column":0},"end":{"line":7,"column":58}},"7":{"start":{"line":8,"column":0},"end":{"line":8,"column":0}},"8":{"start":{"line":9,"column":0},"end":{"line":9,"column":13}},"9":{"start":{"line":10,"column":0},"end":{"line":10,"column":37}},"10":{"start":{"line":11,"column":0},"end":{"line":11,"column":14}},"11":{"start":{"line":12,"column":0},"end":{"line":12,"column":35}},"12":{"start":{"line":13,"column":0},"end":{"line":13,"column":36}},"13":{"start":{"line":14,"column":0},"end":{"line":14,"column":38}},"14":{"start":{"line":15,"column":0},"end":{"line":15,"column":36}},"15":{"start":{"line":16,"column":0},"end":{"line":16,"column":37}},"16":{"start":{"line":17,"column":0},"end":{"line":17,"column":6}},"17":{"start":{"line":18,"column":0},"end":{"line":18,"column":66}},"18":{"start":{"line":19,"column":0},"end":{"line":19,"column":46}},"19":{"start":{"line":20,"column":0},"end":{"line":20,"column":3}},"20":{"start":{"line":21,"column":0},"end":{"line":21,"column":66}},"21":{"start":{"line":22,"column":0},"end":{"line":22,"column":46}},"22":{"start":{"line":23,"column":0},"end":{"line":23,"column":3}},"23":{"start":{"line":24,"column":0},"end":{"line":24,"column":63}},"24":{"start":{"line":25,"column":0},"end":{"line":25,"column":46}},"25":{"start":{"line":26,"column":0},"end":{"line":26,"column":3}},"26":{"start":{"line":27,"column":0},"end":{"line":27,"column":80}},"27":{"start":{"line":28,"column":0},"end":{"line":28,"column":46}},"28":{"start":{"line":29,"column":0},"end":{"line":29,"column":3}},"29":{"start":{"line":30,"column":0},"end":{"line":30,"column":79}},"30":{"start":{"line":31,"column":0},"end":{"line":31,"column":46}},"31":{"start":{"line":32,"column":0},"end":{"line":32,"column":3}},"32":{"start":{"line":33,"column":0},"end":{"line":33,"column":1}}},"s":{"0":1,"1":1,"2":1,"3":1,"4":1,"5":1,"6":1,"7":1,"8":1,"9":1,"10":1,"11":1,"12":1,"13":1,"14":1,"15":1,"16":1,"17":1,"18":0,"19":0,"20":1,"21":0,"22":0,"23":1,"24":0,"25":0,"26":1,"27":0,"28":0,"29":1,"30":0,"31":0,"32":1},"branchMap":{"0":{"type":"branch","line":11,"loc":{"start":{"line":11,"column":2},"end":{"line":17,"column":6}},"locations":[{"start":{"line":11,"column":2},"end":{"line":17,"column":6}}]}},"b":{"0":[1]},"fnMap":{"0":{"name":"UserController","decl":{"start":{"line":11,"column":2},"end":{"line":17,"column":6}},"loc":{"start":{"line":11,"column":2},"end":{"line":17,"column":6}},"line":11},"1":{"name":"readOne","decl":{"start":{"line":18,"column":8},"end":{"line":20,"column":3}},"loc":{"start":{"line":18,"column":8},"end":{"line":20,"column":3}},"line":18},"2":{"name":"readAll","decl":{"start":{"line":21,"column":8},"end":{"line":23,"column":3}},"loc":{"start":{"line":21,"column":8},"end":{"line":23,"column":3}},"line":21},"3":{"name":"post","decl":{"start":{"line":24,"column":8},"end":{"line":26,"column":3}},"loc":{"start":{"line":24,"column":8},"end":{"line":26,"column":3}},"line":24},"4":{"name":"patch","decl":{"start":{"line":27,"column":8},"end":{"line":29,"column":3}},"loc":{"start":{"line":27,"column":8},"end":{"line":29,"column":3}},"line":27},"5":{"name":"delete","decl":{"start":{"line":30,"column":8},"end":{"line":32,"column":3}},"loc":{"start":{"line":30,"column":8},"end":{"line":32,"column":3}},"line":30}},"f":{"0":1,"1":0,"2":0,"3":0,"4":0,"5":0}}
,"C:\\Users\\Neghi\\Desktop\\Muva\\server\\src\\modules\\User\\repository\\user.repository.ts": {"path":"C:\\Users\\Neghi\\Desktop\\Muva\\server\\src\\modules\\User\\repository\\user.repository.ts","all":false,"statementMap":{"0":{"start":{"line":1,"column":0},"end":{"line":1,"column":38}},"1":{"start":{"line":2,"column":0},"end":{"line":2,"column":60}},"2":{"start":{"line":3,"column":0},"end":{"line":3,"column":65}},"3":{"start":{"line":4,"column":0},"end":{"line":4,"column":61}},"4":{"start":{"line":5,"column":0},"end":{"line":5,"column":69}},"5":{"start":{"line":6,"column":0},"end":{"line":6,"column":0}},"6":{"start":{"line":7,"column":0},"end":{"line":7,"column":13}},"7":{"start":{"line":8,"column":0},"end":{"line":8,"column":53}},"8":{"start":{"line":9,"column":0},"end":{"line":9,"column":18}},"9":{"start":{"line":10,"column":0},"end":{"line":10,"column":43}},"10":{"start":{"line":11,"column":0},"end":{"line":11,"column":50}},"11":{"start":{"line":12,"column":0},"end":{"line":12,"column":3}},"12":{"start":{"line":13,"column":0},"end":{"line":13,"column":33}},"13":{"start":{"line":14,"column":0},"end":{"line":14,"column":44}},"14":{"start":{"line":15,"column":0},"end":{"line":15,"column":3}},"15":{"start":{"line":16,"column":0},"end":{"line":16,"column":43}},"16":{"start":{"line":17,"column":0},"end":{"line":17,"column":49}},"17":{"start":{"line":18,"column":0},"end":{"line":18,"column":3}},"18":{"start":{"line":19,"column":0},"end":{"line":19,"column":58}},"19":{"start":{"line":20,"column":0},"end":{"line":20,"column":58}},"20":{"start":{"line":21,"column":0},"end":{"line":21,"column":3}},"21":{"start":{"line":22,"column":0},"end":{"line":22,"column":43}},"22":{"start":{"line":23,"column":0},"end":{"line":23,"column":49}},"23":{"start":{"line":24,"column":0},"end":{"line":24,"column":3}},"24":{"start":{"line":25,"column":0},"end":{"line":25,"column":1}}},"s":{"0":1,"1":1,"2":1,"3":1,"4":1,"5":1,"6":1,"7":1,"8":1,"9":1,"10":0,"11":0,"12":1,"13":0,"14":0,"15":1,"16":0,"17":0,"18":1,"19":0,"20":0,"21":1,"22":0,"23":0,"24":1},"branchMap":{"0":{"type":"branch","line":9,"loc":{"start":{"line":9,"column":2},"end":{"line":9,"column":18}},"locations":[{"start":{"line":9,"column":2},"end":{"line":9,"column":18}}]}},"b":{"0":[5]},"fnMap":{"0":{"name":"UserRepository","decl":{"start":{"line":9,"column":2},"end":{"line":9,"column":18}},"loc":{"start":{"line":9,"column":2},"end":{"line":9,"column":18}},"line":9},"1":{"name":"getOne","decl":{"start":{"line":10,"column":8},"end":{"line":12,"column":3}},"loc":{"start":{"line":10,"column":8},"end":{"line":12,"column":3}},"line":10},"2":{"name":"getAll","decl":{"start":{"line":13,"column":8},"end":{"line":15,"column":3}},"loc":{"start":{"line":13,"column":8},"end":{"line":15,"column":3}},"line":13},"3":{"name":"create","decl":{"start":{"line":16,"column":8},"end":{"line":18,"column":3}},"loc":{"start":{"line":16,"column":8},"end":{"line":18,"column":3}},"line":16},"4":{"name":"update","decl":{"start":{"line":19,"column":8},"end":{"line":21,"column":3}},"loc":{"start":{"line":19,"column":8},"end":{"line":21,"column":3}},"line":19},"5":{"name":"delete","decl":{"start":{"line":22,"column":8},"end":{"line":24,"column":3}},"loc":{"start":{"line":22,"column":8},"end":{"line":24,"column":3}},"line":22}},"f":{"0":5,"1":0,"2":0,"3":0,"4":0,"5":0}}
,"C:\\Users\\Neghi\\Desktop\\Muva\\server\\src\\modules\\User\\routes\\user.routes.ts": {"path":"C:\\Users\\Neghi\\Desktop\\Muva\\server\\src\\modules\\User\\routes\\user.routes.ts","all":false,"statementMap":{"0":{"start":{"line":1,"column":0},"end":{"line":1,"column":66}},"1":{"start":{"line":2,"column":0},"end":{"line":2,"column":37}},"2":{"start":{"line":3,"column":0},"end":{"line":3,"column":59}},"3":{"start":{"line":4,"column":0},"end":{"line":4,"column":0}},"4":{"start":{"line":5,"column":0},"end":{"line":5,"column":27}},"5":{"start":{"line":6,"column":0},"end":{"line":6,"column":0}},"6":{"start":{"line":7,"column":0},"end":{"line":7,"column":57}},"7":{"start":{"line":8,"column":0},"end":{"line":8,"column":0}},"8":{"start":{"line":9,"column":0},"end":{"line":9,"column":9}},"9":{"start":{"line":10,"column":0},"end":{"line":10,"column":107}},"10":{"start":{"line":11,"column":0},"end":{"line":11,"column":107}},"11":{"start":{"line":12,"column":0},"end":{"line":12,"column":102}},"12":{"start":{"line":13,"column":0},"end":{"line":13,"column":85}},"13":{"start":{"line":14,"column":0},"end":{"line":14,"column":40}},"14":{"start":{"line":15,"column":0},"end":{"line":15,"column":3}},"15":{"start":{"line":16,"column":0},"end":{"line":16,"column":86}},"16":{"start":{"line":17,"column":0},"end":{"line":17,"column":41}},"17":{"start":{"line":18,"column":0},"end":{"line":18,"column":4}},"18":{"start":{"line":19,"column":0},"end":{"line":19,"column":0}},"19":{"start":{"line":20,"column":0},"end":{"line":20,"column":25}}},"s":{"0":1,"1":1,"2":1,"3":1,"4":1,"5":1,"6":1,"7":1,"8":1,"9":1,"10":1,"11":1,"12":1,"13":0,"14":1,"15":1,"16":0,"17":1,"18":1,"19":1},"branchMap":{},"b":{},"fnMap":{},"f":{}}
,"C:\\Users\\Neghi\\Desktop\\Muva\\server\\src\\modules\\User\\services\\create.user.ts": {"path":"C:\\Users\\Neghi\\Desktop\\Muva\\server\\src\\modules\\User\\services\\create.user.ts","all":false,"statementMap":{"0":{"start":{"line":1,"column":0},"end":{"line":1,"column":38}},"1":{"start":{"line":2,"column":0},"end":{"line":2,"column":66}},"2":{"start":{"line":3,"column":0},"end":{"line":3,"column":58}},"3":{"start":{"line":4,"column":0},"end":{"line":4,"column":59}},"4":{"start":{"line":5,"column":0},"end":{"line":5,"column":52}},"5":{"start":{"line":6,"column":0},"end":{"line":6,"column":61}},"6":{"start":{"line":7,"column":0},"end":{"line":7,"column":0}},"7":{"start":{"line":8,"column":0},"end":{"line":8,"column":13}},"8":{"start":{"line":9,"column":0},"end":{"line":9,"column":92}},"9":{"start":{"line":10,"column":0},"end":{"line":10,"column":76}},"10":{"start":{"line":11,"column":0},"end":{"line":11,"column":96}},"11":{"start":{"line":12,"column":0},"end":{"line":12,"column":9}},"12":{"start":{"line":13,"column":0},"end":{"line":13,"column":87}},"13":{"start":{"line":14,"column":0},"end":{"line":14,"column":0}},"14":{"start":{"line":15,"column":0},"end":{"line":15,"column":36}},"15":{"start":{"line":16,"column":0},"end":{"line":16,"column":19}},"16":{"start":{"line":17,"column":0},"end":{"line":17,"column":18}},"17":{"start":{"line":18,"column":0},"end":{"line":18,"column":14}},"18":{"start":{"line":19,"column":0},"end":{"line":19,"column":13}},"19":{"start":{"line":20,"column":0},"end":{"line":20,"column":17}},"20":{"start":{"line":21,"column":0},"end":{"line":21,"column":14}},"21":{"start":{"line":22,"column":0},"end":{"line":22,"column":15}},"22":{"start":{"line":23,"column":0},"end":{"line":23,"column":8}},"23":{"start":{"line":24,"column":0},"end":{"line":24,"column":0}},"24":{"start":{"line":25,"column":0},"end":{"line":25,"column":68}},"25":{"start":{"line":26,"column":0},"end":{"line":26,"column":0}},"26":{"start":{"line":27,"column":0},"end":{"line":27,"column":26}},"27":{"start":{"line":28,"column":0},"end":{"line":28,"column":12}},"28":{"start":{"line":29,"column":0},"end":{"line":29,"column":26}},"29":{"start":{"line":30,"column":0},"end":{"line":30,"column":24}},"30":{"start":{"line":31,"column":0},"end":{"line":31,"column":46}},"31":{"start":{"line":32,"column":0},"end":{"line":32,"column":13}},"32":{"start":{"line":33,"column":0},"end":{"line":33,"column":9}},"33":{"start":{"line":34,"column":0},"end":{"line":34,"column":21}},"34":{"start":{"line":35,"column":0},"end":{"line":35,"column":25}},"35":{"start":{"line":36,"column":0},"end":{"line":36,"column":5}},"36":{"start":{"line":37,"column":0},"end":{"line":37,"column":3}},"37":{"start":{"line":38,"column":0},"end":{"line":38,"column":1}}},"s":{"0":1,"1":1,"2":1,"3":1,"4":1,"5":1,"6":1,"7":1,"8":1,"9":1,"10":1,"11":0,"12":0,"13":0,"14":0,"15":0,"16":0,"17":0,"18":0,"19":0,"20":0,"21":0,"22":0,"23":0,"24":0,"25":0,"26":0,"27":0,"28":0,"29":0,"30":0,"31":0,"32":0,"33":0,"34":0,"35":0,"36":0,"37":1},"branchMap":{"0":{"type":"branch","line":10,"loc":{"start":{"line":10,"column":2},"end":{"line":10,"column":76}},"locations":[{"start":{"line":10,"column":2},"end":{"line":10,"column":76}}]}},"b":{"0":[1]},"fnMap":{"0":{"name":"CreateUserService","decl":{"start":{"line":10,"column":2},"end":{"line":10,"column":76}},"loc":{"start":{"line":10,"column":2},"end":{"line":10,"column":76}},"line":10},"1":{"name":"execute","decl":{"start":{"line":11,"column":8},"end":{"line":37,"column":3}},"loc":{"start":{"line":11,"column":8},"end":{"line":37,"column":3}},"line":11}},"f":{"0":1,"1":0}}
,"C:\\Users\\Neghi\\Desktop\\Muva\\server\\src\\modules\\User\\services\\delete.user.ts": {"path":"C:\\Users\\Neghi\\Desktop\\Muva\\server\\src\\modules\\User\\services\\delete.user.ts","all":false,"statementMap":{"0":{"start":{"line":1,"column":0},"end":{"line":1,"column":38}},"1":{"start":{"line":2,"column":0},"end":{"line":2,"column":66}},"2":{"start":{"line":3,"column":0},"end":{"line":3,"column":58}},"3":{"start":{"line":4,"column":0},"end":{"line":4,"column":59}},"4":{"start":{"line":5,"column":0},"end":{"line":5,"column":52}},"5":{"start":{"line":6,"column":0},"end":{"line":6,"column":0}},"6":{"start":{"line":7,"column":0},"end":{"line":7,"column":13}},"7":{"start":{"line":8,"column":0},"end":{"line":8,"column":92}},"8":{"start":{"line":9,"column":0},"end":{"line":9,"column":76}},"9":{"start":{"line":10,"column":0},"end":{"line":10,"column":97}},"10":{"start":{"line":11,"column":0},"end":{"line":11,"column":9}},"11":{"start":{"line":12,"column":0},"end":{"line":12,"column":32}},"12":{"start":{"line":13,"column":0},"end":{"line":13,"column":52}},"13":{"start":{"line":14,"column":0},"end":{"line":14,"column":0}},"14":{"start":{"line":15,"column":0},"end":{"line":15,"column":26}},"15":{"start":{"line":16,"column":0},"end":{"line":16,"column":12}},"16":{"start":{"line":17,"column":0},"end":{"line":17,"column":26}},"17":{"start":{"line":18,"column":0},"end":{"line":18,"column":24}},"18":{"start":{"line":19,"column":0},"end":{"line":19,"column":46}},"19":{"start":{"line":20,"column":0},"end":{"line":20,"column":9}},"20":{"start":{"line":21,"column":0},"end":{"line":21,"column":21}},"21":{"start":{"line":22,"column":0},"end":{"line":22,"column":25}},"22":{"start":{"line":23,"column":0},"end":{"line":23,"column":5}},"23":{"start":{"line":24,"column":0},"end":{"line":24,"column":3}},"24":{"start":{"line":25,"column":0},"end":{"line":25,"column":1}}},"s":{"0":1,"1":1,"2":1,"3":1,"4":1,"5":1,"6":1,"7":1,"8":1,"9":1,"10":0,"11":0,"12":0,"13":0,"14":0,"15":0,"16":0,"17":0,"18":0,"19":0,"20":0,"21":0,"22":0,"23":0,"24":1},"branchMap":{"0":{"type":"branch","line":9,"loc":{"start":{"line":9,"column":2},"end":{"line":9,"column":76}},"locations":[{"start":{"line":9,"column":2},"end":{"line":9,"column":76}}]}},"b":{"0":[1]},"fnMap":{"0":{"name":"DeleteUserService","decl":{"start":{"line":9,"column":2},"end":{"line":9,"column":76}},"loc":{"start":{"line":9,"column":2},"end":{"line":9,"column":76}},"line":9},"1":{"name":"execute","decl":{"start":{"line":10,"column":8},"end":{"line":24,"column":3}},"loc":{"start":{"line":10,"column":8},"end":{"line":24,"column":3}},"line":10}},"f":{"0":1,"1":0}}
,"C:\\Users\\Neghi\\Desktop\\Muva\\server\\src\\modules\\User\\services\\edit.user.ts": {"path":"C:\\Users\\Neghi\\Desktop\\Muva\\server\\src\\modules\\User\\services\\edit.user.ts","all":false,"statementMap":{"0":{"start":{"line":1,"column":0},"end":{"line":1,"column":38}},"1":{"start":{"line":2,"column":0},"end":{"line":2,"column":66}},"2":{"start":{"line":3,"column":0},"end":{"line":3,"column":58}},"3":{"start":{"line":4,"column":0},"end":{"line":4,"column":59}},"4":{"start":{"line":5,"column":0},"end":{"line":5,"column":52}},"5":{"start":{"line":6,"column":0},"end":{"line":6,"column":61}},"6":{"start":{"line":7,"column":0},"end":{"line":7,"column":0}},"7":{"start":{"line":8,"column":0},"end":{"line":8,"column":13}},"8":{"start":{"line":9,"column":0},"end":{"line":9,"column":90}},"9":{"start":{"line":10,"column":0},"end":{"line":10,"column":76}},"10":{"start":{"line":11,"column":0},"end":{"line":11,"column":108}},"11":{"start":{"line":12,"column":0},"end":{"line":12,"column":9}},"12":{"start":{"line":13,"column":0},"end":{"line":13,"column":32}},"13":{"start":{"line":14,"column":0},"end":{"line":14,"column":87}},"14":{"start":{"line":15,"column":0},"end":{"line":15,"column":0}},"15":{"start":{"line":16,"column":0},"end":{"line":16,"column":36}},"16":{"start":{"line":17,"column":0},"end":{"line":17,"column":19}},"17":{"start":{"line":18,"column":0},"end":{"line":18,"column":18}},"18":{"start":{"line":19,"column":0},"end":{"line":19,"column":14}},"19":{"start":{"line":20,"column":0},"end":{"line":20,"column":13}},"20":{"start":{"line":21,"column":0},"end":{"line":21,"column":17}},"21":{"start":{"line":22,"column":0},"end":{"line":22,"column":14}},"22":{"start":{"line":23,"column":0},"end":{"line":23,"column":15}},"23":{"start":{"line":24,"column":0},"end":{"line":24,"column":8}},"24":{"start":{"line":25,"column":0},"end":{"line":25,"column":81}},"25":{"start":{"line":26,"column":0},"end":{"line":26,"column":0}},"26":{"start":{"line":27,"column":0},"end":{"line":27,"column":26}},"27":{"start":{"line":28,"column":0},"end":{"line":28,"column":12}},"28":{"start":{"line":29,"column":0},"end":{"line":29,"column":26}},"29":{"start":{"line":30,"column":0},"end":{"line":30,"column":24}},"30":{"start":{"line":31,"column":0},"end":{"line":31,"column":46}},"31":{"start":{"line":32,"column":0},"end":{"line":32,"column":13}},"32":{"start":{"line":33,"column":0},"end":{"line":33,"column":9}},"33":{"start":{"line":34,"column":0},"end":{"line":34,"column":21}},"34":{"start":{"line":35,"column":0},"end":{"line":35,"column":25}},"35":{"start":{"line":36,"column":0},"end":{"line":36,"column":5}},"36":{"start":{"line":37,"column":0},"end":{"line":37,"column":3}},"37":{"start":{"line":38,"column":0},"end":{"line":38,"column":1}}},"s":{"0":1,"1":1,"2":1,"3":1,"4":1,"5":1,"6":1,"7":1,"8":1,"9":1,"10":1,"11":0,"12":0,"13":0,"14":0,"15":0,"16":0,"17":0,"18":0,"19":0,"20":0,"21":0,"22":0,"23":0,"24":0,"25":0,"26":0,"27":0,"28":0,"29":0,"30":0,"31":0,"32":0,"33":0,"34":0,"35":0,"36":0,"37":1},"branchMap":{"0":{"type":"branch","line":10,"loc":{"start":{"line":10,"column":2},"end":{"line":10,"column":76}},"locations":[{"start":{"line":10,"column":2},"end":{"line":10,"column":76}}]}},"b":{"0":[1]},"fnMap":{"0":{"name":"EditUserService","decl":{"start":{"line":10,"column":2},"end":{"line":10,"column":76}},"loc":{"start":{"line":10,"column":2},"end":{"line":10,"column":76}},"line":10},"1":{"name":"execute","decl":{"start":{"line":11,"column":8},"end":{"line":37,"column":3}},"loc":{"start":{"line":11,"column":8},"end":{"line":37,"column":3}},"line":11}},"f":{"0":1,"1":0}}
,"C:\\Users\\Neghi\\Desktop\\Muva\\server\\src\\modules\\User\\services\\get.user.ts": {"path":"C:\\Users\\Neghi\\Desktop\\Muva\\server\\src\\modules\\User\\services\\get.user.ts","all":false,"statementMap":{"0":{"start":{"line":1,"column":0},"end":{"line":1,"column":38}},"1":{"start":{"line":2,"column":0},"end":{"line":2,"column":66}},"2":{"start":{"line":3,"column":0},"end":{"line":3,"column":58}},"3":{"start":{"line":4,"column":0},"end":{"line":4,"column":59}},"4":{"start":{"line":5,"column":0},"end":{"line":5,"column":52}},"5":{"start":{"line":6,"column":0},"end":{"line":6,"column":0}},"6":{"start":{"line":7,"column":0},"end":{"line":7,"column":13}},"7":{"start":{"line":8,"column":0},"end":{"line":8,"column":89}},"8":{"start":{"line":9,"column":0},"end":{"line":9,"column":76}},"9":{"start":{"line":10,"column":0},"end":{"line":10,"column":66}},"10":{"start":{"line":11,"column":0},"end":{"line":11,"column":9}},"11":{"start":{"line":12,"column":0},"end":{"line":12,"column":32}},"12":{"start":{"line":13,"column":0},"end":{"line":13,"column":0}},"13":{"start":{"line":14,"column":0},"end":{"line":14,"column":65}},"14":{"start":{"line":15,"column":0},"end":{"line":15,"column":26}},"15":{"start":{"line":16,"column":0},"end":{"line":16,"column":12}},"16":{"start":{"line":17,"column":0},"end":{"line":17,"column":26}},"17":{"start":{"line":18,"column":0},"end":{"line":18,"column":24}},"18":{"start":{"line":19,"column":0},"end":{"line":19,"column":34}},"19":{"start":{"line":20,"column":0},"end":{"line":20,"column":13}},"20":{"start":{"line":21,"column":0},"end":{"line":21,"column":9}},"21":{"start":{"line":22,"column":0},"end":{"line":22,"column":21}},"22":{"start":{"line":23,"column":0},"end":{"line":23,"column":25}},"23":{"start":{"line":24,"column":0},"end":{"line":24,"column":5}},"24":{"start":{"line":25,"column":0},"end":{"line":25,"column":3}},"25":{"start":{"line":26,"column":0},"end":{"line":26,"column":1}}},"s":{"0":1,"1":1,"2":1,"3":1,"4":1,"5":1,"6":1,"7":1,"8":1,"9":1,"10":0,"11":0,"12":0,"13":0,"14":0,"15":0,"16":0,"17":0,"18":0,"19":0,"20":0,"21":0,"22":0,"23":0,"24":0,"25":1},"branchMap":{"0":{"type":"branch","line":9,"loc":{"start":{"line":9,"column":2},"end":{"line":9,"column":76}},"locations":[{"start":{"line":9,"column":2},"end":{"line":9,"column":76}}]}},"b":{"0":[1]},"fnMap":{"0":{"name":"GetUserService","decl":{"start":{"line":9,"column":2},"end":{"line":9,"column":76}},"loc":{"start":{"line":9,"column":2},"end":{"line":9,"column":76}},"line":9},"1":{"name":"execute","decl":{"start":{"line":10,"column":8},"end":{"line":25,"column":3}},"loc":{"start":{"line":10,"column":8},"end":{"line":25,"column":3}},"line":10}},"f":{"0":1,"1":0}}
,"C:\\Users\\Neghi\\Desktop\\Muva\\server\\src\\modules\\User\\services\\get.users.ts": {"path":"C:\\Users\\Neghi\\Desktop\\Muva\\server\\src\\modules\\User\\services\\get.users.ts","all":false,"statementMap":{"0":{"start":{"line":1,"column":0},"end":{"line":1,"column":38}},"1":{"start":{"line":2,"column":0},"end":{"line":2,"column":66}},"2":{"start":{"line":3,"column":0},"end":{"line":3,"column":58}},"3":{"start":{"line":4,"column":0},"end":{"line":4,"column":59}},"4":{"start":{"line":5,"column":0},"end":{"line":5,"column":52}},"5":{"start":{"line":6,"column":0},"end":{"line":6,"column":0}},"6":{"start":{"line":7,"column":0},"end":{"line":7,"column":13}},"7":{"start":{"line":8,"column":0},"end":{"line":8,"column":90}},"8":{"start":{"line":9,"column":0},"end":{"line":9,"column":76}},"9":{"start":{"line":10,"column":0},"end":{"line":10,"column":81}},"10":{"start":{"line":11,"column":0},"end":{"line":11,"column":9}},"11":{"start":{"line":12,"column":0},"end":{"line":12,"column":54}},"12":{"start":{"line":13,"column":0},"end":{"line":13,"column":0}},"13":{"start":{"line":14,"column":0},"end":{"line":14,"column":26}},"14":{"start":{"line":15,"column":0},"end":{"line":15,"column":12}},"15":{"start":{"line":16,"column":0},"end":{"line":16,"column":26}},"16":{"start":{"line":17,"column":0},"end":{"line":17,"column":24}},"17":{"start":{"line":18,"column":0},"end":{"line":18,"column":39}},"18":{"start":{"line":19,"column":0},"end":{"line":19,"column":13}},"19":{"start":{"line":20,"column":0},"end":{"line":20,"column":9}},"20":{"start":{"line":21,"column":0},"end":{"line":21,"column":21}},"21":{"start":{"line":22,"column":0},"end":{"line":22,"column":25}},"22":{"start":{"line":23,"column":0},"end":{"line":23,"column":5}},"23":{"start":{"line":24,"column":0},"end":{"line":24,"column":3}},"24":{"start":{"line":25,"column":0},"end":{"line":25,"column":1}}},"s":{"0":1,"1":1,"2":1,"3":1,"4":1,"5":1,"6":1,"7":1,"8":1,"9":1,"10":0,"11":0,"12":0,"13":0,"14":0,"15":0,"16":0,"17":0,"18":0,"19":0,"20":0,"21":0,"22":0,"23":0,"24":1},"branchMap":{"0":{"type":"branch","line":9,"loc":{"start":{"line":9,"column":2},"end":{"line":9,"column":76}},"locations":[{"start":{"line":9,"column":2},"end":{"line":9,"column":76}}]}},"b":{"0":[1]},"fnMap":{"0":{"name":"GetUsersService","decl":{"start":{"line":9,"column":2},"end":{"line":9,"column":76}},"loc":{"start":{"line":9,"column":2},"end":{"line":9,"column":76}},"line":9},"1":{"name":"execute","decl":{"start":{"line":10,"column":8},"end":{"line":24,"column":3}},"loc":{"start":{"line":10,"column":8},"end":{"line":24,"column":3}},"line":10}},"f":{"0":1,"1":0}}
}
